<?xml version="1.0" encoding="UTF-8"?>
<!-- Generated by org.testng.reporters.JUnitXMLReporter -->
<testsuite hostname="DESKTOP-F5746OV" name="Default test" tests="3" failures="0" timestamp="30 Jun 2020 11:38:40 GMT" time="55.431" errors="0">
  <testcase name="AllowPermissions" time="9.199" classname="SeleniumIntegration.MISNagalandAutomation"/>
  <testcase name="Login" time="6.559" classname="SeleniumIntegration.MISNagalandAutomation"/>
  <testcase name="Profile" time="26.202" classname="SeleniumIntegration.MISNagalandAutomation"/>
</testsuite> <!-- Default test -->
