<?xml version="1.0" encoding="UTF-8"?>
<!-- Generated by org.testng.reporters.JUnitXMLReporter -->
<testsuite hostname="DESKTOP-F5746OV" name="Default test" tests="3" failures="0" timestamp="25 Jun 2020 11:42:17 GMT" time="25.241" errors="0">
  <testcase name="TextMessage" time="7.142" classname="SeleniumIntegration.WhatsAppAutomation"/>
  <testcase name="MakeACall" time="0.001" classname="SeleniumIntegration.WhatsAppAutomation"/>
  <testcase name="AddStatus" time="0.0" classname="SeleniumIntegration.WhatsAppAutomation"/>
</testsuite> <!-- Default test -->
